{
  "RSpec": {
    "coverage": {
      "/Users/apprentice/Desktop/Pogen/pogen/app/controllers/users_controller.rb": [
        1,
        1,
        null,
        null,
        null,
        1,
        0,
        null,
        0,
        null,
        0,
        null,
        null,
        1,
        0,
        0,
        0,
        null,
        null,
        null,
        1,
        null,
        null,
        null,
        1,
        0,
        0,
        0,
        null,
        null,
        1,
        0,
        0,
        null,
        null,
        null,
        null,
        1,
        1,
        0,
        null,
        null
      ],
      "/Users/apprentice/Desktop/Pogen/pogen/app/controllers/application_controller.rb": [
        1,
        null,
        null,
        1,
        null
      ],
      "/Users/apprentice/Desktop/Pogen/pogen/spec/controllers/welcome_controller_spec.rb": [
        1,
        null,
        1,
        1,
        1,
        null,
        null
      ],
      "/Users/apprentice/Desktop/Pogen/pogen/spec/helpers/upload_helper_spec.rb": [
        1,
        null,
        null,
        null,
        null,
        null,
        null,
        null,
        null,
        null,
        null,
        null,
        null,
        null,
        null
      ],
      "/Users/apprentice/Desktop/Pogen/pogen/spec/helpers/users_helper_spec.rb": [
        1,
        null,
        null,
        null,
        null,
        null,
        null,
        null,
        null,
        null,
        null,
        null,
        null,
        null,
        null
      ],
      "/Users/apprentice/Desktop/Pogen/pogen/spec/models/book_spec.rb": [
        1,
        null,
        1,
        1,
        10,
        null,
        null,
        1,
        1,
        null,
        null,
        9,
        null,
        2,
        2,
        2,
        null,
        null,
        2,
        2,
        2,
        null,
        2,
        2,
        null,
        null,
        1,
        1,
        1,
        null,
        null,
        null
      ],
      "/Users/apprentice/Desktop/Pogen/pogen/app/models/book.rb": [
        1,
        1,
        1,
        null,
        1,
        null,
        1,
        1,
        null,
        1,
        10,
        20,
        10,
        10,
        null,
        10,
        20,
        null,
        null,
        null,
        null
      ],
      "/Users/apprentice/Desktop/Pogen/pogen/spec/models/like_spec.rb": [
        1,
        null,
        1,
        1,
        6,
        6,
        null,
        null,
        1,
        1,
        null,
        null,
        6,
        null,
        2,
        2,
        2,
        null,
        2,
        2,
        null,
        null,
        null
      ],
      "/Users/apprentice/Desktop/Pogen/pogen/app/models/like.rb": [
        1,
        1,
        1,
        null,
        null,
        1,
        null
      ],
      "/Users/apprentice/Desktop/Pogen/pogen/spec/models/line_spec.rb": [
        1,
        null,
        1,
        1,
        1,
        1,
        1,
        null,
        2,
        1,
        1,
        1,
        null,
        null,
        null,
        1,
        4,
        null,
        4,
        null,
        2,
        2,
        null,
        null,
        2,
        null,
        null
      ],
      "/Users/apprentice/Desktop/Pogen/pogen/app/models/line.rb": [
        1,
        1,
        null,
        null,
        1,
        null,
        1,
        1,
        0,
        null,
        5,
        null,
        null,
        null,
        1,
        1,
        null,
        null
      ],
      "/Users/apprentice/Desktop/Pogen/pogen/spec/models/poem_spec.rb": [
        1,
        null,
        1,
        1,
        9,
        null,
        null,
        10,
        null,
        2,
        2,
        2,
        2,
        null,
        2,
        2,
        2,
        null,
        2,
        2,
        null
      ],
      "/Users/apprentice/Desktop/Pogen/pogen/app/models/poem.rb": [
        1,
        1,
        1,
        1,
        null,
        1,
        null,
        null,
        null
      ],
      "/Users/apprentice/Desktop/Pogen/pogen/spec/models/sen_word_spec.rb": [
        1,
        null,
        1,
        1,
        2,
        2,
        2,
        2,
        null,
        null,
        null
      ],
      "/Users/apprentice/Desktop/Pogen/pogen/app/models/sen_word.rb": [
        1,
        1,
        1,
        null
      ],
      "/Users/apprentice/Desktop/Pogen/pogen/spec/models/sentence_spec.rb": [
        1,
        null,
        1,
        1,
        7,
        null,
        null,
        7,
        null,
        2,
        2,
        null,
        2,
        null,
        2,
        2,
        null,
        null,
        null,
        2,
        null,
        1,
        1,
        1,
        1,
        null,
        null,
        null
      ],
      "/Users/apprentice/Desktop/Pogen/pogen/app/models/sentence.rb": [
        1,
        1,
        1,
        1,
        null,
        1,
        null,
        1,
        null,
        null,
        1,
        28,
        null,
        null,
        null
      ],
      "/Users/apprentice/Desktop/Pogen/pogen/spec/models/user_spec.rb": [
        1,
        null,
        1,
        null,
        1,
        13,
        null,
        null,
        null,
        14,
        null,
        2,
        2,
        2,
        2,
        2,
        null,
        2,
        null,
        2,
        2,
        2,
        null,
        null,
        2,
        2,
        2,
        2,
        null,
        null,
        null
      ],
      "/Users/apprentice/Desktop/Pogen/pogen/app/models/user.rb": [
        1,
        1,
        1,
        1,
        1,
        null,
        1,
        null,
        null,
        null,
        null
      ],
      "/Users/apprentice/Desktop/Pogen/pogen/spec/models/word_spec.rb": [
        1,
        null,
        1,
        1,
        8,
        8,
        8,
        null,
        null,
        7,
        null,
        2,
        2,
        2,
        null,
        2,
        null,
        2,
        2,
        null,
        1,
        1,
        1,
        null,
        null,
        1,
        1,
        null,
        null,
        null
      ],
      "/Users/apprentice/Desktop/Pogen/pogen/app/models/word.rb": [
        1,
        1,
        1,
        null,
        1,
        null,
        1,
        null,
        1,
        1,
        39,
        20,
        20,
        20,
        19,
        19,
        19,
        19,
        null,
        null,
        null,
        null
      ],
      "/Users/apprentice/Desktop/Pogen/pogen/spec/requests/events_spec.rb": [
        1,
        null,
        1,
        null
      ]
    },
    "timestamp": 1405908999
  }
}
